Using pre-set license
Built from '2022.1/staging' branch; Version is '2022.1.23f1 (9636b062134a) revision 9844400'; Using compiler version '192829333'; Build Type 'Release'
OS: 'Windows 10  (10.0.19044) 64bit Core' Language: 'es' Physical Memory: 16330 MB
BatchMode: 1, IsHumanControllingUs: 0, StartBugReporterOnCrash: 0, Is64bit: 1, IsPro: 1

COMMAND LINE ARGUMENTS:
C:\Program Files\Unity\Hub\Editor\2022.1.23f1\Editor\Unity.exe
-adb2
-batchMode
-noUpm
-name
AssetImportWorker0
-projectPath
D:/MASTER_REPO_DEF/Modulo1_Proyecto_01_Unity_Grupo2/Proyecto1_Modulo2_Grupo2
-logFile
Logs/AssetImportWorker0.log
-srvPort
55956
Successfully changed project path to: D:/MASTER_REPO_DEF/Modulo1_Proyecto_01_Unity_Grupo2/Proyecto1_Modulo2_Grupo2
D:/MASTER_REPO_DEF/Modulo1_Proyecto_01_Unity_Grupo2/Proyecto1_Modulo2_Grupo2
[UnityMemory] Configuration Parameters - Can be set up in boot.config
    "memorysetup-bucket-allocator-granularity=16"
    "memorysetup-bucket-allocator-bucket-count=8"
    "memorysetup-bucket-allocator-block-size=33554432"
    "memorysetup-bucket-allocator-block-count=8"
    "memorysetup-main-allocator-block-size=16777216"
    "memorysetup-thread-allocator-block-size=16777216"
    "memorysetup-gfx-main-allocator-block-size=16777216"
    "memorysetup-gfx-thread-allocator-block-size=16777216"
    "memorysetup-cache-allocator-block-size=4194304"
    "memorysetup-typetree-allocator-block-size=2097152"
    "memorysetup-profiler-bucket-allocator-granularity=16"
    "memorysetup-profiler-bucket-allocator-bucket-count=8"
    "memorysetup-profiler-bucket-allocator-block-size=33554432"
    "memorysetup-profiler-bucket-allocator-block-count=8"
    "memorysetup-profiler-allocator-block-size=16777216"
    "memorysetup-profiler-editor-allocator-block-size=1048576"
    "memorysetup-temp-allocator-size-main=16777216"
    "memorysetup-job-temp-allocator-block-size=2097152"
    "memorysetup-job-temp-allocator-block-size-background=1048576"
    "memorysetup-job-temp-allocator-reduction-small-platforms=262144"
    "memorysetup-temp-allocator-size-background-worker=32768"
    "memorysetup-temp-allocator-size-job-worker=262144"
    "memorysetup-temp-allocator-size-preload-manager=33554432"
    "memorysetup-temp-allocator-size-nav-mesh-worker=65536"
    "memorysetup-temp-allocator-size-audio-worker=65536"
    "memorysetup-temp-allocator-size-cloud-worker=32768"
    "memorysetup-temp-allocator-size-gi-baking-worker=262144"
    "memorysetup-temp-allocator-size-gfx=262144"
Refreshing native plugins compatible for Editor in 111.20 ms, found 3 plugins.
Preloading 0 native plugins for Editor in 0.00 ms.
Initialize engine version: 2022.1.23f1 (9636b062134a)
[Subsystems] Discovering subsystems at path C:/Program Files/Unity/Hub/Editor/2022.1.23f1/Editor/Data/Resources/UnitySubsystems
[Subsystems] Discovering subsystems at path D:/MASTER_REPO_DEF/Modulo1_Proyecto_01_Unity_Grupo2/Proyecto1_Modulo2_Grupo2/Assets
GfxDevice: creating device client; threaded=0; jobified=0
Direct3D:
    Version:  Direct3D 11.0 [level 11.1]
    Renderer: NVIDIA GeForce GTX 1060 6GB (ID=0x1c03)
    Vendor:   NVIDIA
    VRAM:     6043 MB
    Driver:   31.0.15.2698
Initialize mono
Mono path[0] = 'C:/Program Files/Unity/Hub/Editor/2022.1.23f1/Editor/Data/Managed'
Mono path[1] = 'C:/Program Files/Unity/Hub/Editor/2022.1.23f1/Editor/Data/MonoBleedingEdge/lib/mono/unityjit-win32'
Mono config path = 'C:/Program Files/Unity/Hub/Editor/2022.1.23f1/Editor/Data/MonoBleedingEdge/etc'
Using monoOptions --debugger-agent=transport=dt_socket,embedding=1,server=y,suspend=n,address=127.0.0.1:56044
Begin MonoManager ReloadAssembly
Registering precompiled unity dll's ...
Register platform support module: C:/Program Files/Unity/Hub/Editor/2022.1.23f1/Editor/Data/PlaybackEngines/WindowsStandaloneSupport/UnityEditor.WindowsStandalone.Extensions.dll
Register platform support module: C:/Program Files/Unity/Hub/Editor/2022.1.23f1/Editor/Data/PlaybackEngines/MetroSupport/UnityEditor.UWP.Extensions.dll
Registered in 0.019093 seconds.
Native extension for UWP target not found
Native extension for WindowsStandalone target not found
Refreshing native plugins compatible for Editor in 112.97 ms, found 3 plugins.
Preloading 0 native plugins for Editor in 0.00 ms.
Mono: successfully reloaded assembly
- Completed reload, in  1.037 seconds
Domain Reload Profiling:
	ReloadAssembly (1038ms)
		BeginReloadAssembly (131ms)
			ExecutionOrderSort (0ms)
			DisableScriptedObjects (0ms)
			BackupInstance (0ms)
			ReleaseScriptingObjects (0ms)
			CreateAndSetChildDomain (1ms)
		EndReloadAssembly (681ms)
			LoadAssemblies (127ms)
			RebuildTransferFunctionScriptingTraits (0ms)
			SetupTypeCache (182ms)
				TypeCache.Initialize (182ms)
					TypeCache.ScanAssembly (180ms)
				ResolveRequiredComponents (1ms)
			ReleaseScriptCaches (0ms)
			RebuildScriptCaches (38ms)
			SetupLoadedEditorAssemblies (382ms)
				LogAssemblyErrors (0ms)
				InitializePlatformSupportModulesInManaged (16ms)
				SetLoadedEditorAssemblies (10ms)
				RefreshPlugins (113ms)
				BeforeProcessingInitializeOnLoad (1ms)
				ProcessInitializeOnLoadAttributes (184ms)
				ProcessInitializeOnLoadMethodAttributes (58ms)
				AfterProcessingInitializeOnLoad (0ms)
				EditorAssembliesLoaded (0ms)
			ExecutionOrderSort2 (0ms)
			AwakeInstancesAfterBackupRestoration (0ms)
Platform modules already initialized, skipping
Registering precompiled user dll's ...
Registered in 0.009475 seconds.
Begin MonoManager ReloadAssembly
Symbol file LoadedFromMemory doesn't match image D:\MASTER_REPO_DEF\Modulo1_Proyecto_01_Unity_Grupo2\Proyecto1_Modulo2_Grupo2\Library\PackageCache\com.unity.visualscripting@1.7.8\Editor\VisualScripting.Core\Dependencies\YamlDotNet\Unity.VisualScripting.YamlDotNet.dll
Symbol file LoadedFromMemory doesn't match image D:\MASTER_REPO_DEF\Modulo1_Proyecto_01_Unity_Grupo2\Proyecto1_Modulo2_Grupo2\Library\PackageCache\com.unity.visualscripting@1.7.8\Editor\VisualScripting.Core\Dependencies\DotNetZip\Unity.VisualScripting.IonicZip.dll
Native extension for UWP target not found
Native extension for WindowsStandalone target not found
Refreshing native plugins compatible for Editor in 1.08 ms, found 3 plugins.
Preloading 0 native plugins for Editor in 0.00 ms.
Mono: successfully reloaded assembly
- Completed reload, in  1.584 seconds
Domain Reload Profiling:
	ReloadAssembly (1585ms)
		BeginReloadAssembly (170ms)
			ExecutionOrderSort (0ms)
			DisableScriptedObjects (8ms)
			BackupInstance (0ms)
			ReleaseScriptingObjects (0ms)
			CreateAndSetChildDomain (26ms)
		EndReloadAssembly (1257ms)
			LoadAssemblies (140ms)
			RebuildTransferFunctionScriptingTraits (0ms)
			SetupTypeCache (379ms)
				TypeCache.Initialize (373ms)
					TypeCache.ScanAssembly (369ms)
				ResolveRequiredComponents (5ms)
			ReleaseScriptCaches (1ms)
			RebuildScriptCaches (75ms)
			SetupLoadedEditorAssemblies (596ms)
				LogAssemblyErrors (0ms)
				InitializePlatformSupportModulesInManaged (14ms)
				SetLoadedEditorAssemblies (22ms)
				RefreshPlugins (1ms)
				BeforeProcessingInitializeOnLoad (180ms)
				ProcessInitializeOnLoadAttributes (323ms)
				ProcessInitializeOnLoadMethodAttributes (35ms)
				AfterProcessingInitializeOnLoad (20ms)
				EditorAssembliesLoaded (0ms)
			ExecutionOrderSort2 (0ms)
			AwakeInstancesAfterBackupRestoration (11ms)
Platform modules already initialized, skipping
========================================================================
Worker process is ready to serve import requests
Launched and connected shader compiler UnityShaderCompiler.exe after 0.08 seconds
Refreshing native plugins compatible for Editor in 0.85 ms, found 3 plugins.
Preloading 0 native plugins for Editor in 0.00 ms.
Unloading 3370 Unused Serialized files (Serialized files now loaded: 0)
Unloading 26 unused Assets / (58.6 KB). Loaded Objects now: 3830.
Memory consumption went from 0.50 GB to 0.50 GB.
Total: 3.519800 ms (FindLiveObjects: 0.287900 ms CreateObjectMapping: 0.277400 ms MarkObjects: 2.858900 ms  DeleteObjects: 0.094600 ms)

AssetImportParameters requested are different than current active one (requested -> active):
  custom:video-decoder-ogg-theora: a1e56fd34408186e4bbccfd4996cb3dc -> 
  custom:container-muxer-webm: aa71ff27fc2769a1b78a27578f13a17b -> 
  custom:container-demuxer-webm: 4f35f7cbe854078d1ac9338744f61a02 -> 
  custom:video-encoder-webm-vp8: eb34c28f22e8b96e1ab97ce403110664 -> 
  custom:audio-encoder-webm-vorbis: bf7c407c2cedff20999df2af8eb42d56 -> 
  custom:framework-win-MediaFoundation: 216162199b28c13a410421893ffa2e32 -> 
  custom:container-demuxer-ogg: 62fdf1f143b41e24485cea50d1cbac27 -> 
  custom:video-decoder-webm-vp8: 9c59270c3fd7afecdb556c50c9e8de78 -> 
  custom:audio-decoder-ogg-vorbis: bf7c407c2cedff20999df2af8eb42d56 -> 
========================================================================
Received Import Request.
  Time since last request: 728714.414456 seconds.
  path: Assets
  artifactKey: Guid(00000000000000001000000000000000) Importer(815301076,1909f56bfc062723c751e8b465ee728b)
Start importing Assets using Guid(00000000000000001000000000000000) Importer(815301076,1909f56bfc062723c751e8b465ee728b)  -> (artifact id: '6e8165099f8bfd50797b2ebe9f8b211b') in 0.003203 seconds 
========================================================================
Received Import Request.
  Time since last request: 0.520612 seconds.
  path: Assets/Prefabs
  artifactKey: Guid(a589da83f9275614485f063fc4cdd69d) Importer(815301076,1909f56bfc062723c751e8b465ee728b)
Start importing Assets/Prefabs using Guid(a589da83f9275614485f063fc4cdd69d) Importer(815301076,1909f56bfc062723c751e8b465ee728b)  -> (artifact id: '032724d12c9d6ba4f114cbc5b0823839') in 0.002851 seconds 
========================================================================
Received Import Request.
  Time since last request: 1.825649 seconds.
  path: Assets/Scenes
  artifactKey: Guid(8520368cfaaf7ec40808be51352e4f74) Importer(815301076,1909f56bfc062723c751e8b465ee728b)
Start importing Assets/Scenes using Guid(8520368cfaaf7ec40808be51352e4f74) Importer(815301076,1909f56bfc062723c751e8b465ee728b)  -> (artifact id: 'd0b48659cda7d6e67c105936fca2d18c') in 0.005149 seconds 
========================================================================
Received Import Request.
  Time since last request: 5.822176 seconds.
  path: Assets/01_Scenes
  artifactKey: Guid(8520368cfaaf7ec40808be51352e4f74) Importer(815301076,1909f56bfc062723c751e8b465ee728b)
Start importing Assets/01_Scenes using Guid(8520368cfaaf7ec40808be51352e4f74) Importer(815301076,1909f56bfc062723c751e8b465ee728b)  -> (artifact id: '6e01c71c4e65072f062d1c2a61d14c59') in 0.004701 seconds 
========================================================================
Received Import Request.
  Time since last request: 9.370653 seconds.
  path: Assets/02_Prefabs
  artifactKey: Guid(a589da83f9275614485f063fc4cdd69d) Importer(815301076,1909f56bfc062723c751e8b465ee728b)
Start importing Assets/02_Prefabs using Guid(a589da83f9275614485f063fc4cdd69d) Importer(815301076,1909f56bfc062723c751e8b465ee728b)  -> (artifact id: 'd1c0e7e5cea44f67a46a3091ca2e7462') in 0.005844 seconds 
========================================================================
Received Import Request.
  Time since last request: 2.280851 seconds.
  path: Assets/02_Prefabs 1
  artifactKey: Guid(08784ce10cc8f854b82253acd4f616d9) Importer(815301076,1909f56bfc062723c751e8b465ee728b)
Start importing Assets/02_Prefabs 1 using Guid(08784ce10cc8f854b82253acd4f616d9) Importer(815301076,1909f56bfc062723c751e8b465ee728b)  -> (artifact id: 'd9a9b9ecfdddc846abd679efb680082a') in 0.003540 seconds 
========================================================================
Received Import Request.
  Time since last request: 3.449946 seconds.
  path: Assets/03_Prefabs 1
  artifactKey: Guid(08784ce10cc8f854b82253acd4f616d9) Importer(815301076,1909f56bfc062723c751e8b465ee728b)
Start importing Assets/03_Prefabs 1 using Guid(08784ce10cc8f854b82253acd4f616d9) Importer(815301076,1909f56bfc062723c751e8b465ee728b)  -> (artifact id: '51f1cb3ebd788ca72b05c1052fae6d4b') in 0.003328 seconds 
========================================================================
Received Import Request.
  Time since last request: 5.949037 seconds.
  path: Assets/03_Prefabs 2
  artifactKey: Guid(434566c7bff607d4b9ed5e6a68bff9a1) Importer(815301076,1909f56bfc062723c751e8b465ee728b)
Start importing Assets/03_Prefabs 2 using Guid(434566c7bff607d4b9ed5e6a68bff9a1) Importer(815301076,1909f56bfc062723c751e8b465ee728b)  -> (artifact id: '162b6d5fee5d5b4a416659b9d0b4c683') in 0.011763 seconds 
========================================================================
Received Import Request.
  Time since last request: 10.161717 seconds.
  path: Assets/03_Materials
  artifactKey: Guid(08784ce10cc8f854b82253acd4f616d9) Importer(815301076,1909f56bfc062723c751e8b465ee728b)
Start importing Assets/03_Materials using Guid(08784ce10cc8f854b82253acd4f616d9) Importer(815301076,1909f56bfc062723c751e8b465ee728b)  -> (artifact id: '6e66aa5577a3b407e6561ee0ed69ebcc') in 0.004561 seconds 
========================================================================
Received Import Request.
  Time since last request: 8.414971 seconds.
  path: Assets/04_Audio
  artifactKey: Guid(434566c7bff607d4b9ed5e6a68bff9a1) Importer(815301076,1909f56bfc062723c751e8b465ee728b)
Start importing Assets/04_Audio using Guid(434566c7bff607d4b9ed5e6a68bff9a1) Importer(815301076,1909f56bfc062723c751e8b465ee728b)  -> (artifact id: '7fbc247b406c1f707186d06e2853d957') in 0.003351 seconds 
========================================================================
Received Import Request.
  Time since last request: 13.954545 seconds.
  path: Assets/05_Scripts
  artifactKey: Guid(5727859a01705b840a022d06facf8e52) Importer(815301076,1909f56bfc062723c751e8b465ee728b)
Start importing Assets/05_Scripts using Guid(5727859a01705b840a022d06facf8e52) Importer(815301076,1909f56bfc062723c751e8b465ee728b)  -> (artifact id: '24bdf88cec4d4b7879aaef4c380b24c8') in 0.004145 seconds 
========================================================================
Received Import Request.
  Time since last request: 9.348076 seconds.
  path: Assets/06_Assets
  artifactKey: Guid(3fb6a3c56dc4e1a459d3a317c937ab1f) Importer(815301076,1909f56bfc062723c751e8b465ee728b)
Start importing Assets/06_Assets using Guid(3fb6a3c56dc4e1a459d3a317c937ab1f) Importer(815301076,1909f56bfc062723c751e8b465ee728b)  -> (artifact id: '887d89c479a6016390ec468293c8d3df') in 0.004137 seconds 
========================================================================
Received Import Request.
  Time since last request: 68.732279 seconds.
  path: Assets/06_Assets/Assets Motores
  artifactKey: Guid(bc3fc6f1f9e4f9f4e864238d7d34964a) Importer(815301076,1909f56bfc062723c751e8b465ee728b)
Start importing Assets/06_Assets/Assets Motores using Guid(bc3fc6f1f9e4f9f4e864238d7d34964a) Importer(815301076,1909f56bfc062723c751e8b465ee728b)  -> (artifact id: 'b0a6806a1e1d5acaa4663ce966c71918') in 0.003372 seconds 
========================================================================
Received Import Request.
  Time since last request: 7.848381 seconds.
  path: Assets/01_Scenes/SampleScene.unity
  artifactKey: Guid(9fc0d4010bbf28b4594072e72b8655ab) Importer(815301076,1909f56bfc062723c751e8b465ee728b)
Start importing Assets/01_Scenes/SampleScene.unity using Guid(9fc0d4010bbf28b4594072e72b8655ab) Importer(815301076,1909f56bfc062723c751e8b465ee728b)  -> (artifact id: 'f06ff7518c93fa7a16f3a53a85d38f58') in 0.002255 seconds 
========================================================================
Received Import Request.
  Time since last request: 11.288487 seconds.
  path: Assets/01_Scenes/Irene_Scene.unity
  artifactKey: Guid(958f2a90094a16d439def82e5eaae4c9) Importer(815301076,1909f56bfc062723c751e8b465ee728b)
Start importing Assets/01_Scenes/Irene_Scene.unity using Guid(958f2a90094a16d439def82e5eaae4c9) Importer(815301076,1909f56bfc062723c751e8b465ee728b)  -> (artifact id: '6f6d0837123b51050bafcd79ee755668') in 0.003693 seconds 
========================================================================
Received Import Request.
  Time since last request: 1.473813 seconds.
  path: Assets/01_Scenes/Irene_Scene 1.unity
  artifactKey: Guid(9db5c53e12e6fcf4ebdfa34b3644f00b) Importer(815301076,1909f56bfc062723c751e8b465ee728b)
Start importing Assets/01_Scenes/Irene_Scene 1.unity using Guid(9db5c53e12e6fcf4ebdfa34b3644f00b) Importer(815301076,1909f56bfc062723c751e8b465ee728b)  -> (artifact id: '7af5ab027fc1260bb9153fca01fb73d7') in 0.004562 seconds 
========================================================================
Received Import Request.
  Time since last request: 6.561449 seconds.
  path: Assets/01_Scenes/Jonay_Scene.unity
  artifactKey: Guid(9db5c53e12e6fcf4ebdfa34b3644f00b) Importer(815301076,1909f56bfc062723c751e8b465ee728b)
Start importing Assets/01_Scenes/Jonay_Scene.unity using Guid(9db5c53e12e6fcf4ebdfa34b3644f00b) Importer(815301076,1909f56bfc062723c751e8b465ee728b)  -> (artifact id: 'beb6e84dd384e31601b9b34815162b0e') in 0.003579 seconds 
========================================================================
Received Import Request.
  Time since last request: 1.125356 seconds.
  path: Assets/01_Scenes/Jonay_Scene 1.unity
  artifactKey: Guid(45add41793fbd404b98500a34d9d5ceb) Importer(815301076,1909f56bfc062723c751e8b465ee728b)
Start importing Assets/01_Scenes/Jonay_Scene 1.unity using Guid(45add41793fbd404b98500a34d9d5ceb) Importer(815301076,1909f56bfc062723c751e8b465ee728b)  -> (artifact id: '2977aa35cd0a0508157f6e354176a3a5') in 0.003200 seconds 
========================================================================
Received Import Request.
  Time since last request: 7.333898 seconds.
  path: Assets/01_Scenes/Sergio_Scene.unity
  artifactKey: Guid(45add41793fbd404b98500a34d9d5ceb) Importer(815301076,1909f56bfc062723c751e8b465ee728b)
Start importing Assets/01_Scenes/Sergio_Scene.unity using Guid(45add41793fbd404b98500a34d9d5ceb) Importer(815301076,1909f56bfc062723c751e8b465ee728b)  -> (artifact id: 'd94a45dd81275a35c84ff85375d49295') in 0.002184 seconds 
========================================================================
Received Import Request.
  Time since last request: 14.426464 seconds.
  path: Assets/01_Scenes/Main_Scene.unity
  artifactKey: Guid(9fc0d4010bbf28b4594072e72b8655ab) Importer(815301076,1909f56bfc062723c751e8b465ee728b)
Start importing Assets/01_Scenes/Main_Scene.unity using Guid(9fc0d4010bbf28b4594072e72b8655ab) Importer(815301076,1909f56bfc062723c751e8b465ee728b)  -> (artifact id: '113dc1381866a52eb8461392fcfe269f') in 0.004940 seconds 
